K:\ANXINGLE\MFC_IMAGESEARCH\X64\DEBUG\VLADFEATURE.OBJ
K:\ANXINGLE\MFC_IMAGESEARCH\X64\DEBUG\UTILS.OBJ
K:\ANXINGLE\MFC_IMAGESEARCH\X64\DEBUG\TRAIN.OBJ
K:\ANXINGLE\MFC_IMAGESEARCH\X64\DEBUG\TEST.OBJ
K:\ANXINGLE\MFC_IMAGESEARCH\X64\DEBUG\SURFFEATURE.OBJ
K:\ANXINGLE\MFC_IMAGESEARCH\X64\DEBUG\STDAFX.OBJ
K:\ANXINGLE\MFC_IMAGESEARCH\X64\DEBUG\SEARCH.OBJ
K:\ANXINGLE\MFC_IMAGESEARCH\X64\DEBUG\PROPOSALDLG.OBJ
K:\ANXINGLE\MFC_IMAGESEARCH\X64\DEBUG\PROPOSAL.OBJ
K:\ANXINGLE\MFC_IMAGESEARCH\X64\DEBUG\PREPROCESS.OBJ
K:\ANXINGLE\MFC_IMAGESEARCH\X64\DEBUG\PCAUTILS.OBJ
K:\ANXINGLE\MFC_IMAGESEARCH\X64\DEBUG\OSTUREMOVEBORDER.OBJ
K:\ANXINGLE\MFC_IMAGESEARCH\X64\DEBUG\NEARESTNEIGHBORS.OBJ
K:\ANXINGLE\MFC_IMAGESEARCH\X64\DEBUG\LOADFILE.OBJ
K:\ANXINGLE\MFC_IMAGESEARCH\X64\DEBUG\LEARN.OBJ
K:\ANXINGLE\MFC_IMAGESEARCH\X64\DEBUG\IMGFEATURE.OBJ
K:\ANXINGLE\MFC_IMAGESEARCH\X64\DEBUG\IMGCONANA.OBJ
K:\ANXINGLE\MFC_IMAGESEARCH\X64\DEBUG\CVVIMAGE.OBJ
K:\ANXINGLE\MFC_IMAGESEARCH\X64\DEBUG\CONFIGURE.OBJ
K:\ANXINGLE\MFC_IMAGESEARCH\X64\DEBUG\API_INTERFACE.OBJ
K:\ANXINGLE\MFC_IMAGESEARCH\X64\DEBUG\WZDSPLASH.OBJ
K:\ANXINGLE\MFC_IMAGESEARCH\X64\DEBUG\VC110.PDB
K:\ANXINGLE\MFC_IMAGESEARCH\X64\DEBUG\PROPOSAL.ILK
K:\ANXINGLE\MFC_IMAGESEARCH\X64\DEBUG\PROPOSAL.EXE
K:\ANXINGLE\MFC_IMAGESEARCH\X64\DEBUG\PROPOSAL.PDB
K:\ANXINGLE\MFC_IMAGESEARCH\X64\DEBUG\PROPOSAL.RES
K:\anxingle\MFC_ImageSearch\x64\Debug\API_Interface.obj
K:\anxingle\MFC_ImageSearch\x64\Debug\Configure.obj
K:\anxingle\MFC_ImageSearch\x64\Debug\CvvImage.obj
K:\anxingle\MFC_ImageSearch\x64\Debug\ImgConAna.obj
K:\anxingle\MFC_ImageSearch\x64\Debug\ImgFeature.obj
K:\anxingle\MFC_ImageSearch\x64\Debug\Learn.obj
K:\anxingle\MFC_ImageSearch\x64\Debug\LoadFile.obj
K:\anxingle\MFC_ImageSearch\x64\Debug\NearestNeighbors.obj
K:\anxingle\MFC_ImageSearch\x64\Debug\ostuRemoveBorder.obj
K:\anxingle\MFC_ImageSearch\x64\Debug\PCAUtils.obj
K:\anxingle\MFC_ImageSearch\x64\Debug\Preprocess.obj
K:\anxingle\MFC_ImageSearch\x64\Debug\ProPosal.obj
K:\anxingle\MFC_ImageSearch\x64\Debug\ProPosalDlg.obj
K:\anxingle\MFC_ImageSearch\x64\Debug\Search.obj
K:\anxingle\MFC_ImageSearch\x64\Debug\stdafx.obj
K:\anxingle\MFC_ImageSearch\x64\Debug\SurfFeature.obj
K:\anxingle\MFC_ImageSearch\x64\Debug\Test.obj
K:\anxingle\MFC_ImageSearch\x64\Debug\Train.obj
K:\anxingle\MFC_ImageSearch\x64\Debug\Utils.obj
K:\anxingle\MFC_ImageSearch\x64\Debug\VLADFeature.obj
K:\anxingle\MFC_ImageSearch\x64\Debug\WzdSplash.obj
K:\anxingle\MFC_ImageSearch\x64\Debug\ProPosal.ilk
K:\anxingle\MFC_ImageSearch\x64\Debug\cl.command.1.tlog
K:\anxingle\MFC_ImageSearch\x64\Debug\CL.read.1.tlog
K:\anxingle\MFC_ImageSearch\x64\Debug\CL.write.1.tlog
K:\anxingle\MFC_ImageSearch\x64\Debug\link-cvtres.read.1.tlog
K:\anxingle\MFC_ImageSearch\x64\Debug\link-cvtres.write.1.tlog
K:\anxingle\MFC_ImageSearch\x64\Debug\link-mt.read.1.tlog
K:\anxingle\MFC_ImageSearch\x64\Debug\link-mt.write.1.tlog
K:\anxingle\MFC_ImageSearch\x64\Debug\link-rc.read.1.tlog
K:\anxingle\MFC_ImageSearch\x64\Debug\link-rc.write.1.tlog
K:\anxingle\MFC_ImageSearch\x64\Debug\link.command.1.tlog
K:\anxingle\MFC_ImageSearch\x64\Debug\link.read.1.tlog
K:\anxingle\MFC_ImageSearch\x64\Debug\link.write.1.tlog
K:\anxingle\MFC_ImageSearch\x64\Debug\rc.command.1.tlog
K:\anxingle\MFC_ImageSearch\x64\Debug\rc.read.1.tlog
K:\anxingle\MFC_ImageSearch\x64\Debug\rc.write.1.tlog
K:\anxingle\MFC_ImageSearch\x64\Debug\ProPosal.res
K:\anxingle\MFC_ImageSearch\x64\Debug\ProPosal.pdb
K:\anxingle\MFC_ImageSearch\x64\Debug\vc110.pdb
K:\anxingle\MFC_ImageSearch\x64\Debug\ProPosal.exe
