D:\IMAGESEARCH\EXTRACTFEATURE\EXTRACTFEATURE\EXTRACTFEATURE\DEBUG\EXTRACTFEATURE.OBJ
D:\IMAGESEARCH\EXTRACTFEATURE\EXTRACTFEATURE\EXTRACTFEATURE\DEBUG\IMGCONANA.OBJ
D:\IMAGESEARCH\EXTRACTFEATURE\EXTRACTFEATURE\EXTRACTFEATURE\DEBUG\IMGFEATURE.OBJ
D:\IMAGESEARCH\EXTRACTFEATURE\EXTRACTFEATURE\EXTRACTFEATURE\DEBUG\NEARESTNEIGHBORS.OBJ
D:\IMAGESEARCH\EXTRACTFEATURE\EXTRACTFEATURE\EXTRACTFEATURE\DEBUG\OSTUREMOVEBORDER.OBJ
D:\IMAGESEARCH\EXTRACTFEATURE\EXTRACTFEATURE\EXTRACTFEATURE\DEBUG\SURFFEATURE.OBJ
D:\IMAGESEARCH\EXTRACTFEATURE\EXTRACTFEATURE\EXTRACTFEATURE\DEBUG\VLADFEATURE.OBJ
D:\IMAGESEARCH\EXTRACTFEATURE\EXTRACTFEATURE\EXTRACTFEATURE\DEBUG\VC110.PDB
E:\QCZ\IMAGESEARCH\EXTRACTFEATURE\EXTRACTFEATURE\EXTRACTFEATURE\DEBUG\EXTRACTFEATURE.OBJ
E:\QCZ\IMAGESEARCH\EXTRACTFEATURE\EXTRACTFEATURE\EXTRACTFEATURE\DEBUG\VC110.PDB
E:\QCZ\IMAGESEARCH\EXTRACTFEATURE\EXTRACTFEATURE\EXTRACTFEATURE\DEBUG\IMGCONANA.OBJ
E:\QCZ\IMAGESEARCH\EXTRACTFEATURE\EXTRACTFEATURE\EXTRACTFEATURE\DEBUG\IMGFEATURE.OBJ
E:\QCZ\IMAGESEARCH\EXTRACTFEATURE\EXTRACTFEATURE\EXTRACTFEATURE\DEBUG\NEARESTNEIGHBORS.OBJ
E:\QCZ\IMAGESEARCH\EXTRACTFEATURE\EXTRACTFEATURE\EXTRACTFEATURE\DEBUG\OSTUREMOVEBORDER.OBJ
E:\QCZ\IMAGESEARCH\EXTRACTFEATURE\EXTRACTFEATURE\EXTRACTFEATURE\DEBUG\SURFFEATURE.OBJ
E:\QCZ\IMAGESEARCH\EXTRACTFEATURE\EXTRACTFEATURE\EXTRACTFEATURE\DEBUG\VLADFEATURE.OBJ
D:\IMAGESEARCH\EXTRACTFEATURE\EXTRACTFEATURE\DEBUG\EXTRACTFEATURE.ILK
D:\IMAGESEARCH\EXTRACTFEATURE\EXTRACTFEATURE\DEBUG\EXTRACTFEATURE.EXE
D:\IMAGESEARCH\EXTRACTFEATURE\EXTRACTFEATURE\DEBUG\EXTRACTFEATURE.PDB
E:\QCZ\IMAGESEARCH\EXTRACTFEATURE\EXTRACTFEATURE\DEBUG\EXTRACTFEATURE.ILK
E:\QCZ\IMAGESEARCH\EXTRACTFEATURE\EXTRACTFEATURE\DEBUG\EXTRACTFEATURE.EXE
E:\QCZ\IMAGESEARCH\EXTRACTFEATURE\EXTRACTFEATURE\DEBUG\EXTRACTFEATURE.PDB
K:\anxingle\ImageSearch\ExtractFeature\Debug\ExtractFeature.obj
K:\anxingle\ImageSearch\ExtractFeature\Debug\ImgConAna.obj
K:\anxingle\ImageSearch\ExtractFeature\Debug\ImgFeature.obj
K:\anxingle\ImageSearch\ExtractFeature\Debug\NearestNeighbors.obj
K:\anxingle\ImageSearch\ExtractFeature\Debug\ostuRemoveBorder.obj
K:\anxingle\ImageSearch\ExtractFeature\Debug\SurfFeature.obj
K:\anxingle\ImageSearch\ExtractFeature\Debug\VLADFeature.obj
K:\anxingle\ImageSearch\ExtractFeature\Debug\cl.command.1.tlog
K:\anxingle\ImageSearch\ExtractFeature\Debug\CL.read.1.tlog
K:\anxingle\ImageSearch\ExtractFeature\Debug\CL.write.1.tlog
K:\anxingle\ImageSearch\ExtractFeature\Debug\link-cvtres.read.1.tlog
K:\anxingle\ImageSearch\ExtractFeature\Debug\link-cvtres.write.1.tlog
K:\anxingle\ImageSearch\ExtractFeature\Debug\link-rc.read.1.tlog
K:\anxingle\ImageSearch\ExtractFeature\Debug\link-rc.write.1.tlog
K:\anxingle\ImageSearch\ExtractFeature\Debug\link.command.1.tlog
K:\anxingle\ImageSearch\ExtractFeature\Debug\link.read.1.tlog
K:\anxingle\ImageSearch\ExtractFeature\Debug\link.write.1.tlog
K:\anxingle\ImageSearch\ExtractFeature\Debug\vc110.idb
K:\anxingle\ImageSearch\ExtractFeature\Debug\vc110.pdb
