生成启动时间为 2015/12/4 12:12:33。
     1>项目“K:\anxingle\ImageSearch\ExtractFeature\ExtractFeature.vcxproj”在节点 2 上(Rebuild 个目标)。
     1>ClCompile:
         C:\Program Files (x86)\Microsoft Visual Studio 11.0\VC\bin\CL.exe /c /ZI /nologo /W3 /WX- /Od /Oy- /D WIN32 /D _DEBUG /D _CONSOLE /D _UNICODE /D UNICODE /Gm /EHsc /RTC1 /MDd /GS /fp:precise /Zc:wchar_t /Zc:forScope /Fo"Debug\\" /Fd"Debug\vc110.pdb" /Gd /TP /analyze- /errorReport:prompt API_Interface.cpp Configure.cpp ImgConAna.cpp ImgFeature.cpp Learn.cpp LoadFile.cpp main.cpp NearestNeighbors.cpp ostuRemoveBorder.cpp PCAUtils.cpp Search.cpp SurfFeature.cpp Test.cpp Train.cpp Utils.cpp VLADFeature.cpp
         VLADFeature.cpp
         Utils.cpp
     1>k:\anxingle\imagesearch\extractfeature\utils.cpp(111): warning C4018: “<”: 有符号/无符号不匹配
     1>k:\anxingle\imagesearch\extractfeature\utils.cpp(116): warning C4996: 'fopen': This function or variable may be unsafe. Consider using fopen_s instead. To disable deprecation, use _CRT_SECURE_NO_WARNINGS. See online help for details.
                 c:\program files (x86)\microsoft visual studio 11.0\vc\include\stdio.h(218) : 参见“fopen”的声明
     1>k:\anxingle\imagesearch\extractfeature\utils.cpp(132): warning C4996: 'fopen': This function or variable may be unsafe. Consider using fopen_s instead. To disable deprecation, use _CRT_SECURE_NO_WARNINGS. See online help for details.
                 c:\program files (x86)\microsoft visual studio 11.0\vc\include\stdio.h(218) : 参见“fopen”的声明
     1>k:\anxingle\imagesearch\extractfeature\utils.cpp(188): warning C4996: 'fopen': This function or variable may be unsafe. Consider using fopen_s instead. To disable deprecation, use _CRT_SECURE_NO_WARNINGS. See online help for details.
                 c:\program files (x86)\microsoft visual studio 11.0\vc\include\stdio.h(218) : 参见“fopen”的声明
     1>k:\anxingle\imagesearch\extractfeature\utils.cpp(205): warning C4996: 'fopen': This function or variable may be unsafe. Consider using fopen_s instead. To disable deprecation, use _CRT_SECURE_NO_WARNINGS. See online help for details.
                 c:\program files (x86)\microsoft visual studio 11.0\vc\include\stdio.h(218) : 参见“fopen”的声明
     1>k:\anxingle\imagesearch\extractfeature\utils.cpp(227): warning C4018: “<”: 有符号/无符号不匹配
     1>k:\anxingle\imagesearch\extractfeature\utils.cpp(268): warning C4996: 'fopen': This function or variable may be unsafe. Consider using fopen_s instead. To disable deprecation, use _CRT_SECURE_NO_WARNINGS. See online help for details.
                 c:\program files (x86)\microsoft visual studio 11.0\vc\include\stdio.h(218) : 参见“fopen”的声明
     1>k:\anxingle\imagesearch\extractfeature\utils.cpp(294): warning C4996: 'fopen': This function or variable may be unsafe. Consider using fopen_s instead. To disable deprecation, use _CRT_SECURE_NO_WARNINGS. See online help for details.
                 c:\program files (x86)\microsoft visual studio 11.0\vc\include\stdio.h(218) : 参见“fopen”的声明
     1>k:\anxingle\imagesearch\extractfeature\utils.cpp(329): warning C4996: 'fopen': This function or variable may be unsafe. Consider using fopen_s instead. To disable deprecation, use _CRT_SECURE_NO_WARNINGS. See online help for details.
                 c:\program files (x86)\microsoft visual studio 11.0\vc\include\stdio.h(218) : 参见“fopen”的声明
     1>k:\anxingle\imagesearch\extractfeature\utils.cpp(342): warning C4996: 'fopen': This function or variable may be unsafe. Consider using fopen_s instead. To disable deprecation, use _CRT_SECURE_NO_WARNINGS. See online help for details.
                 c:\program files (x86)\microsoft visual studio 11.0\vc\include\stdio.h(218) : 参见“fopen”的声明
         Train.cpp
     1>k:\anxingle\imagesearch\extractfeature\train.cpp(29): warning C4996: 'fopen': This function or variable may be unsafe. Consider using fopen_s instead. To disable deprecation, use _CRT_SECURE_NO_WARNINGS. See online help for details.
                 c:\program files (x86)\microsoft visual studio 11.0\vc\include\stdio.h(218) : 参见“fopen”的声明
         Test.cpp
     1>k:\anxingle\imagesearch\extractfeature\test.cpp(26): warning C4996: 'freopen': This function or variable may be unsafe. Consider using freopen_s instead. To disable deprecation, use _CRT_SECURE_NO_WARNINGS. See online help for details.
                 c:\program files (x86)\microsoft visual studio 11.0\vc\include\stdio.h(233) : 参见“freopen”的声明
         SurfFeature.cpp
     1>k:\anxingle\imagesearch\extractfeature\surffeature.cpp(83): warning C4244: “参数”: 从“const int”转换到“float”，可能丢失数据
     1>k:\anxingle\imagesearch\extractfeature\surffeature.cpp(83): warning C4244: “参数”: 从“int”转换到“float”，可能丢失数据
     1>k:\anxingle\imagesearch\extractfeature\surffeature.cpp(114): warning C4244: “参数”: 从“const int”转换到“float”，可能丢失数据
     1>k:\anxingle\imagesearch\extractfeature\surffeature.cpp(114): warning C4244: “参数”: 从“int”转换到“float”，可能丢失数据
         Search.cpp
         PCAUtils.cpp
         ostuRemoveBorder.cpp
         NearestNeighbors.cpp
     1>k:\anxingle\imagesearch\extractfeature\nearestneighbors.cpp(29): warning C4018: “<”: 有符号/无符号不匹配
     1>k:\anxingle\imagesearch\extractfeature\nearestneighbors.cpp(30): warning C4018: “<”: 有符号/无符号不匹配
     1>k:\anxingle\imagesearch\extractfeature\nearestneighbors.cpp(85): warning C4018: “<”: 有符号/无符号不匹配
     1>k:\anxingle\imagesearch\extractfeature\nearestneighbors.cpp(135): warning C4018: “<”: 有符号/无符号不匹配
     1>k:\anxingle\imagesearch\extractfeature\nearestneighbors.cpp(159): warning C4018: “<”: 有符号/无符号不匹配
         main.cpp
     1>k:\anxingle\imagesearch\extractfeature\main.cpp(77): warning C4996: 'fopen': This function or variable may be unsafe. Consider using fopen_s instead. To disable deprecation, use _CRT_SECURE_NO_WARNINGS. See online help for details.
                 c:\program files (x86)\microsoft visual studio 11.0\vc\include\stdio.h(218) : 参见“fopen”的声明
         LoadFile.cpp
         Learn.cpp
     1>k:\anxingle\imagesearch\extractfeature\learn.cpp(33): warning C4996: 'fopen': This function or variable may be unsafe. Consider using fopen_s instead. To disable deprecation, use _CRT_SECURE_NO_WARNINGS. See online help for details.
                 c:\program files (x86)\microsoft visual studio 11.0\vc\include\stdio.h(218) : 参见“fopen”的声明
         ImgFeature.cpp
         ImgConAna.cpp
     1>k:\anxingle\imagesearch\extractfeature\imgconana.cpp(32): warning C4018: “<”: 有符号/无符号不匹配
     1>k:\anxingle\imagesearch\extractfeature\imgconana.cpp(71): warning C4018: “<”: 有符号/无符号不匹配
     1>k:\anxingle\imagesearch\extractfeature\imgconana.cpp(88): warning C4018: “<”: 有符号/无符号不匹配
     1>k:\anxingle\imagesearch\extractfeature\imgconana.cpp(227): warning C4018: “<”: 有符号/无符号不匹配
     1>k:\anxingle\imagesearch\extractfeature\imgconana.cpp(259): warning C4018: “<”: 有符号/无符号不匹配
     1>k:\anxingle\imagesearch\extractfeature\imgconana.cpp(260): warning C4018: “<”: 有符号/无符号不匹配
     1>k:\anxingle\imagesearch\extractfeature\imgconana.cpp(271): warning C4018: “<”: 有符号/无符号不匹配
     1>k:\anxingle\imagesearch\extractfeature\imgconana.cpp(402): warning C4018: “<”: 有符号/无符号不匹配
     1>k:\anxingle\imagesearch\extractfeature\imgconana.cpp(421): warning C4018: “<”: 有符号/无符号不匹配
     1>k:\anxingle\imagesearch\extractfeature\imgconana.cpp(428): warning C4018: “<”: 有符号/无符号不匹配
     1>k:\anxingle\imagesearch\extractfeature\imgconana.cpp(471): warning C4018: “<”: 有符号/无符号不匹配
     1>k:\anxingle\imagesearch\extractfeature\imgconana.cpp(483): warning C4018: “<”: 有符号/无符号不匹配
     1>k:\anxingle\imagesearch\extractfeature\imgconana.cpp(486): warning C4018: “<”: 有符号/无符号不匹配
     1>k:\anxingle\imagesearch\extractfeature\imgconana.cpp(492): warning C4018: “<”: 有符号/无符号不匹配
     1>k:\anxingle\imagesearch\extractfeature\imgconana.cpp(507): warning C4018: “<”: 有符号/无符号不匹配
         Configure.cpp
         API_Interface.cpp
     1>k:\anxingle\imagesearch\extractfeature\api_interface.cpp(34): warning C4018: “>”: 有符号/无符号不匹配
     1>k:\anxingle\imagesearch\extractfeature\api_interface.cpp(50): warning C4018: “>”: 有符号/无符号不匹配
         正在生成代码...
     1>k:\anxingle\imagesearch\extractfeature\imgconana.cpp(474): warning C4715: “combineRestRect”: 不是所有的控件路径都返回值
       Link:
         C:\Program Files (x86)\Microsoft Visual Studio 11.0\VC\bin\link.exe /ERRORREPORT:PROMPT /OUT:"K:\anxingle\ImageSearch\Debug\ExtractFeature.exe" /INCREMENTAL /NOLOGO opencv_calib3d248d.lib opencv_contrib248d.lib opencv_core248d.lib opencv_features2d248d.lib opencv_flann248d.lib opencv_gpu248d.lib opencv_highgui248d.lib opencv_imgproc248d.lib opencv_legacy248d.lib opencv_ml248d.lib opencv_nonfree248d.lib opencv_objdetect248d.lib opencv_ocl248d.lib opencv_photo248d.lib opencv_stitching248d.lib opencv_superres248d.lib opencv_ts248d.lib opencv_video248d.lib opencv_videostab248d.lib /MANIFEST /MANIFESTUAC:"level='asInvoker' uiAccess='false'" /manifest:embed /DEBUG /PDB:"K:\anxingle\ImageSearch\Debug\ExtractFeature.pdb" /SUBSYSTEM:CONSOLE /TLBID:1 /DYNAMICBASE /NXCOMPAT /IMPLIB:"K:\anxingle\ImageSearch\Debug\ExtractFeature.lib" /MACHINE:X86 Debug\API_Interface.obj
         Debug\Configure.obj
         Debug\ImgConAna.obj
         Debug\ImgFeature.obj
         Debug\Learn.obj
         Debug\LoadFile.obj
         Debug\main.obj
         Debug\NearestNeighbors.obj
         Debug\ostuRemoveBorder.obj
         Debug\PCAUtils.obj
         Debug\Search.obj
         Debug\SurfFeature.obj
         Debug\Test.obj
         Debug\Train.obj
         Debug\Utils.obj
         Debug\VLADFeature.obj
         ExtractFeature.vcxproj -> K:\anxingle\ImageSearch\Debug\ExtractFeature.exe
     1>已完成生成项目“K:\anxingle\ImageSearch\ExtractFeature\ExtractFeature.vcxproj”(Rebuild 个目标)的操作。

生成成功。

已用时间 00:00:54.54
