K:\ANXINGLE\IMAGESEARCH\SEARCH_PROJECT\X64\DEBUG\VLADFEATURE.OBJ
K:\ANXINGLE\IMAGESEARCH\SEARCH_PROJECT\X64\DEBUG\UTILS.OBJ
K:\ANXINGLE\IMAGESEARCH\SEARCH_PROJECT\X64\DEBUG\TRAIN.OBJ
K:\ANXINGLE\IMAGESEARCH\SEARCH_PROJECT\X64\DEBUG\SURFFEATURE.OBJ
K:\ANXINGLE\IMAGESEARCH\SEARCH_PROJECT\X64\DEBUG\SEARCH.OBJ
K:\ANXINGLE\IMAGESEARCH\SEARCH_PROJECT\X64\DEBUG\OSTUREMOVEBORDER.OBJ
K:\ANXINGLE\IMAGESEARCH\SEARCH_PROJECT\X64\DEBUG\NEARESTNEIGHBORS.OBJ
K:\ANXINGLE\IMAGESEARCH\SEARCH_PROJECT\X64\DEBUG\MAIN.OBJ
K:\ANXINGLE\IMAGESEARCH\SEARCH_PROJECT\X64\DEBUG\LOADFILE.OBJ
K:\ANXINGLE\IMAGESEARCH\SEARCH_PROJECT\X64\DEBUG\LEARN.OBJ
K:\ANXINGLE\IMAGESEARCH\SEARCH_PROJECT\X64\DEBUG\IMGFEATURE.OBJ
K:\ANXINGLE\IMAGESEARCH\SEARCH_PROJECT\X64\DEBUG\IMGCONANA.OBJ
K:\ANXINGLE\IMAGESEARCH\SEARCH_PROJECT\X64\DEBUG\CONFIGURE.OBJ
K:\ANXINGLE\IMAGESEARCH\SEARCH_PROJECT\X64\DEBUG\API_INTERFACE.OBJ
K:\anxingle\ImageSearch\search_project\x64\Debug\API_Interface.obj
K:\anxingle\ImageSearch\search_project\x64\Debug\Configure.obj
K:\anxingle\ImageSearch\search_project\x64\Debug\ImgConAna.obj
K:\anxingle\ImageSearch\search_project\x64\Debug\ImgFeature.obj
K:\anxingle\ImageSearch\search_project\x64\Debug\Learn.obj
K:\anxingle\ImageSearch\search_project\x64\Debug\LoadFile.obj
K:\anxingle\ImageSearch\search_project\x64\Debug\main.obj
K:\anxingle\ImageSearch\search_project\x64\Debug\NearestNeighbors.obj
K:\anxingle\ImageSearch\search_project\x64\Debug\ostuRemoveBorder.obj
K:\anxingle\ImageSearch\search_project\x64\Debug\Search.obj
K:\anxingle\ImageSearch\search_project\x64\Debug\SurfFeature.obj
K:\anxingle\ImageSearch\search_project\x64\Debug\Train.obj
K:\anxingle\ImageSearch\search_project\x64\Debug\Utils.obj
K:\anxingle\ImageSearch\search_project\x64\Debug\VLADFeature.obj
K:\anxingle\ImageSearch\search_project\x64\Debug\cl.command.1.tlog
K:\anxingle\ImageSearch\search_project\x64\Debug\CL.read.1.tlog
K:\anxingle\ImageSearch\search_project\x64\Debug\CL.write.1.tlog
K:\anxingle\ImageSearch\search_project\x64\Debug\vc110.pdb
