H:\ZQ\ALIBABA\EXTRACTFEATURE\EXTRACTFEATURE\X64\DEBUG\API_INTERFACE.OBJ
H:\ZQ\ALIBABA\EXTRACTFEATURE\EXTRACTFEATURE\X64\DEBUG\CONFIGURE.OBJ
H:\ZQ\ALIBABA\EXTRACTFEATURE\EXTRACTFEATURE\X64\DEBUG\IMGCONANA.OBJ
H:\ZQ\ALIBABA\EXTRACTFEATURE\EXTRACTFEATURE\X64\DEBUG\IMGFEATURE.OBJ
H:\ZQ\ALIBABA\EXTRACTFEATURE\EXTRACTFEATURE\X64\DEBUG\LEARN.OBJ
H:\ZQ\ALIBABA\EXTRACTFEATURE\EXTRACTFEATURE\X64\DEBUG\LOADFILE.OBJ
H:\ZQ\ALIBABA\EXTRACTFEATURE\EXTRACTFEATURE\X64\DEBUG\MAIN.OBJ
H:\ZQ\ALIBABA\EXTRACTFEATURE\EXTRACTFEATURE\X64\DEBUG\NEARESTNEIGHBORS.OBJ
H:\ZQ\ALIBABA\EXTRACTFEATURE\EXTRACTFEATURE\X64\DEBUG\OSTUREMOVEBORDER.OBJ
H:\ZQ\ALIBABA\EXTRACTFEATURE\EXTRACTFEATURE\X64\DEBUG\SEARCH.OBJ
H:\ZQ\ALIBABA\EXTRACTFEATURE\EXTRACTFEATURE\X64\DEBUG\SURFFEATURE.OBJ
H:\ZQ\ALIBABA\EXTRACTFEATURE\EXTRACTFEATURE\X64\DEBUG\TEST.OBJ
H:\ZQ\ALIBABA\EXTRACTFEATURE\EXTRACTFEATURE\X64\DEBUG\TRAIN.OBJ
H:\ZQ\ALIBABA\EXTRACTFEATURE\EXTRACTFEATURE\X64\DEBUG\UTILS.OBJ
H:\ZQ\ALIBABA\EXTRACTFEATURE\EXTRACTFEATURE\X64\DEBUG\VLADFEATURE.OBJ
H:\ZQ\ALIBABA\EXTRACTFEATURE\EXTRACTFEATURE\X64\DEBUG\VC110.PDB
H:\zq\Alibaba\ExtractFeature\ExtractFeature\x64\Debug\API_Interface.obj
H:\zq\Alibaba\ExtractFeature\ExtractFeature\x64\Debug\Configure.obj
H:\zq\Alibaba\ExtractFeature\ExtractFeature\x64\Debug\ImgConAna.obj
H:\zq\Alibaba\ExtractFeature\ExtractFeature\x64\Debug\ImgFeature.obj
H:\zq\Alibaba\ExtractFeature\ExtractFeature\x64\Debug\Learn.obj
H:\zq\Alibaba\ExtractFeature\ExtractFeature\x64\Debug\LoadFile.obj
H:\zq\Alibaba\ExtractFeature\ExtractFeature\x64\Debug\main.obj
H:\zq\Alibaba\ExtractFeature\ExtractFeature\x64\Debug\NearestNeighbors.obj
H:\zq\Alibaba\ExtractFeature\ExtractFeature\x64\Debug\ostuRemoveBorder.obj
H:\zq\Alibaba\ExtractFeature\ExtractFeature\x64\Debug\Search.obj
H:\zq\Alibaba\ExtractFeature\ExtractFeature\x64\Debug\SurfFeature.obj
H:\zq\Alibaba\ExtractFeature\ExtractFeature\x64\Debug\Test.obj
H:\zq\Alibaba\ExtractFeature\ExtractFeature\x64\Debug\Train.obj
H:\zq\Alibaba\ExtractFeature\ExtractFeature\x64\Debug\Utils.obj
H:\zq\Alibaba\ExtractFeature\ExtractFeature\x64\Debug\VLADFeature.obj
H:\zq\Alibaba\ExtractFeature\ExtractFeature\x64\Debug\cl.command.1.tlog
H:\zq\Alibaba\ExtractFeature\ExtractFeature\x64\Debug\CL.read.1.tlog
H:\zq\Alibaba\ExtractFeature\ExtractFeature\x64\Debug\CL.write.1.tlog
H:\zq\Alibaba\ExtractFeature\ExtractFeature\x64\Debug\vc110.idb
H:\zq\Alibaba\ExtractFeature\ExtractFeature\x64\Debug\vc110.pdb
